  cpu_pipeline
    alu
    bj_detect
    control_unit
    data_cache
    ex_mem_pipeline_reg
    forwarding_unit
    id_ex_pipeline_reg
    if_id_pipeline_reg
    immediate_generate
    instruction_cache
    mem_wb_pipeline_reg
    mux_4x1_32bit
    mux_4x1_32bit
    mux_4x1_32bit
    mux_4x1_32bit
    mux_4x1_32bit
    mux_2x1_32bit
    mux_2x1_32bit
    mux_2x1_32bit
    adder_32bit
    adder_32bit
    mux_2x1_32bit
    register_32bit
    reg_file
    mux_4x1_32bit
  cpu_single_cycle
    alu
    bj_detect
    control_unit
    data_cache
    immediate_generate
    instruction_cache
    mux_2x1_32bit
    mux_2x1_32bit
    adder_32bit
    adder_32bit
    mux_2x1_32bit
    register_32bit
    reg_file
    mux_4x1_32bit
  data_memory
  instruction_memory
